<?xml version="1.0" encoding="UTF-8"?>
<!-- Generated by org.testng.reporters.JUnitXMLReporter -->
<testsuite ignored="0" hostname="Admin-PC" failures="0" tests="4" name="Test" time="0.347" errors="0" timestamp="2022-06-21T11:57:18 IST">
  <testcase classname="qaclickacademy.AppiumTest" name="IOSApps" time="0.039"/>
  <testcase classname="qaclickacademy.AppiumTest" name="NativeAppAndroid" time="0.005"/>
  <testcase classname="qaclickacademy.RESTApiTest" name="deleteTwitter" time="0.006"/>
  <testcase classname="qaclickacademy.RESTApiTest" name="postJIRA" time="0.006"/>
</testsuite> <!-- Test -->
