<?xml version="1.0" encoding="UTF-8"?>
<!-- Generated by org.testng.reporters.JUnitXMLReporter -->
<testsuite ignored="0" hostname="Admin-PC" failures="0" tests="4" name="Test" time="0.235" errors="0" timestamp="2022-06-21T12:04:17 IST">
  <testcase classname="qaclickacademy.AppiumTest" name="IOSApps" time="0.012"/>
  <testcase classname="qaclickacademy.AppiumTest" name="NativeAppAndroid" time="0.001"/>
  <testcase classname="qaclickacademy.RESTApiTest" name="deleteTwitter" time="0.0"/>
  <testcase classname="qaclickacademy.RESTApiTest" name="postJIRA" time="0.001"/>
</testsuite> <!-- Test -->
