<?xml version="1.0" encoding="UTF-8"?>
<testng-results ignored="0" total="4" passed="4" failed="0" skipped="0">
  <reporter-output>
  </reporter-output>
  <suite started-at="2022-06-21T11:57:17 IST" name="Suite" finished-at="2022-06-21T11:57:17 IST" duration-ms="347">
    <groups>
    </groups>
    <test started-at="2022-06-21T11:57:17 IST" name="Test" finished-at="2022-06-21T11:57:17 IST" duration-ms="347">
      <class name="qaclickacademy.AppiumTest">
        <test-method signature="IOSApps()[pri:0, instance:qaclickacademy.AppiumTest@1da2cb77]" started-at="2022-06-21T11:57:17 IST" name="IOSApps" finished-at="2022-06-21T11:57:17 IST" duration-ms="39" status="PASS">
          <reporter-output>
          </reporter-output>
        </test-method> <!-- IOSApps -->
        <test-method signature="NativeAppAndroid()[pri:0, instance:qaclickacademy.AppiumTest@1da2cb77]" started-at="2022-06-21T11:57:17 IST" name="NativeAppAndroid" finished-at="2022-06-21T11:57:17 IST" duration-ms="5" status="PASS">
          <reporter-output>
          </reporter-output>
        </test-method> <!-- NativeAppAndroid -->
      </class> <!-- qaclickacademy.AppiumTest -->
      <class name="qaclickacademy.RESTApiTest">
        <test-method signature="deleteTwitter()[pri:0, instance:qaclickacademy.RESTApiTest@1b2abca6]" started-at="2022-06-21T11:57:17 IST" name="deleteTwitter" finished-at="2022-06-21T11:57:17 IST" duration-ms="6" status="PASS">
          <reporter-output>
          </reporter-output>
        </test-method> <!-- deleteTwitter -->
        <test-method signature="postJIRA()[pri:0, instance:qaclickacademy.RESTApiTest@1b2abca6]" started-at="2022-06-21T11:57:17 IST" name="postJIRA" finished-at="2022-06-21T11:57:17 IST" duration-ms="6" status="PASS">
          <reporter-output>
          </reporter-output>
        </test-method> <!-- postJIRA -->
      </class> <!-- qaclickacademy.RESTApiTest -->
    </test> <!-- Test -->
  </suite> <!-- Suite -->
</testng-results>
